[debug] [2021-01-07T18:17:14.359Z] ----------------------------------------------------------------------
[debug] [2021-01-07T18:17:14.362Z] Command:       C:\Program Files\nodejs\node.exe C:\Users\karim\AppData\Roaming\npm\node_modules\firebase-tools\lib\bin\firebase.js init
[debug] [2021-01-07T18:17:14.362Z] CLI Version:   9.1.2
[debug] [2021-01-07T18:17:14.362Z] Platform:      win32
[debug] [2021-01-07T18:17:14.362Z] Node Version:  v10.16.0
[debug] [2021-01-07T18:17:14.365Z] Time:          Thu Jan 07 2021 19:17:14 GMT+0100 (GMT+01:00)
[debug] [2021-01-07T18:17:14.365Z] ----------------------------------------------------------------------
[debug] [2021-01-07T18:17:14.365Z] 
[debug] [2021-01-07T18:17:14.369Z] >>> [apiv2][query] GET https://firebase-public.firebaseio.com/cli.json [none]
[debug] [2021-01-07T18:17:14.393Z] > command requires scopes: ["email","openid","https://www.googleapis.com/auth/cloudplatformprojects.readonly","https://www.googleapis.com/auth/firebase","https://www.googleapis.com/auth/cloud-platform"]
[debug] [2021-01-07T18:17:14.393Z] > authorizing via signed-in user
[info] 
     ######## #### ########  ######## ########     ###     ######  ########
     ##        ##  ##     ## ##       ##     ##  ##   ##  ##       ##
     ######    ##  ########  ######   ########  #########  ######  ######
     ##        ##  ##    ##  ##       ##     ## ##     ##       ## ##
     ##       #### ##     ## ######## ########  ##     ##  ######  ########

You're about to initialize a Firebase project in this directory:

  D:\Work\Portfolio\React + Firebase\cyfer_web

[debug] [2021-01-07T18:17:14.978Z] <<< [apiv2][status] GET https://firebase-public.firebaseio.com/cli.json 200
[debug] [2021-01-07T18:17:14.979Z] <<< [apiv2][body] GET https://firebase-public.firebaseio.com/cli.json {"cloudBuildErrorAfter":1594252800000,"cloudBuildWarnAfter":1590019200000,"defaultNode10After":1594252800000,"minVersion":"3.0.5","node8DeploysDisabledAfter":1613390400000,"node8RuntimeDisabledAfter":1615809600000,"node8WarnAfter":1600128000000}
